
> web@0.1.0 lint
> eslint


D:\Workspace\freelancer\websiteqlnhahang\restaurantmanagement\apps\web\app\(admin)\admin\cashier\page.tsx
   62:7   error    Error: Calling setState synchronously within an effect can trigger cascading renders

Effects are intended to synchronize state between React and external systems such as manually updating the DOM, state management libraries, or other platform APIs. In general, the body of an effect should do one or both of the following:
* Update external systems with the latest state from React.
* Subscribe for updates from some external system, calling setState in a callback function when external state changes.

Calling setState synchronously within an effect body causes cascading renders that can hurt performance, and is not recommended. (https://react.dev/learn/you-might-not-need-an-effect).

D:\Workspace\freelancer\websiteqlnhahang\restaurantmanagement\apps\web\app\(admin)\admin\cashier\page.tsx:62:7
  60 |   useEffect(() => {
  61 |     if (activeTab === 'menu') {
> 62 |       setCurrentPageMenu(1);
     |       ^^^^^^^^^^^^^^^^^^ Avoid calling setState() directly within an effect
  63 |     }
  64 |   }, [debouncedSearchTerm, activeTab]);
  65 |                                                                                                                                                                                                                                                                                                                                                    react-hooks/set-state-in-effect
  113:9   warning  The 'tables' logical expression could make the dependencies of useMemo Hook (at line 120) change on every render. To fix this, wrap the initialization of 'tables' in its own useMemo() Hook                                                                                                                                                                                                                                                                                                                                                                                                                                                                                                                                                                                                                                                                                                                                                                                                                                                                                                                                                                                                                                                                                                                                                                                                                                                     react-hooks/exhaustive-deps
  113:9   warning  The 'tables' logical expression could make the dependencies of useMemo Hook (at line 134) change on every render. To fix this, wrap the initialization of 'tables' in its own useMemo() Hook                                                                                                                                                                                                                                                                                                                                                                                                                                                                                                                                                                                                                                                                                                                                                                                                                                                                                                                                                                                                                                                                                                                                                                                                                                                     react-hooks/exhaustive-deps
  169:26  error    Unexpected any. Specify a different type                                                                                                                                                                                                                                                                                                                                                                                                                                                                                                                                                                                                                                                                                                                                                                                                                                                                                                                                                                                                                                                                                                                                                                                                                                                                                                                                                                                                         @typescript-eslint/no-explicit-any
  185:26  error    Unexpected any. Specify a different type                                                                                                                                                                                                                                                                                                                                                                                                                                                                                                                                                                                                                                                                                                                                                                                                                                                                                                                                                                                                                                                                                                                                                                                                                                                                                                                                                                                                         @typescript-eslint/no-explicit-any
  191:5   warning  React Hook useCallback has a missing dependency: 'orderItems'. Either include it or remove the dependency array                                                                                                                                                                                                                                                                                                                                                                                                                                                                                                                                                                                                                                                                                                                                                                                                                                                                                                                                                                                                                                                                                                                                                                                                                                                                                                                                  react-hooks/exhaustive-deps
  224:5   warning  React Hook useCallback has missing dependencies: 'orderItems' and 'tickets'. Either include them or remove the dependency array                                                                                                                                                                                                                                                                                                                                                                                                                                                                                                                                                                                                                                                                                                                                                                                                                                                                                                                                                                                                                                                                                                                                                                                                                                                                                                                  react-hooks/exhaustive-deps
  352:7   error    Error: Cannot access variable before it is declared

`handleDeleteItem` is accessed before it is declared, which prevents the earlier access from updating when this value changes over time.

D:\Workspace\freelancer\websiteqlnhahang\restaurantmanagement\apps\web\app\(admin)\admin\cashier\page.tsx:352:7
  350 |     if(quantity === selectedOrderItem.quantity){
  351 |       handleRemoveItem(selectedOrderItem.id);
> 352 |       handleDeleteItem();
      |       ^^^^^^^^^^^^^^^^ `handleDeleteItem` accessed before it is declared
  353 |       return
  354 |     }
  355 |     await toast.promise(updateOrderItemMutation.mutateAsync({

D:\Workspace\freelancer\websiteqlnhahang\restaurantmanagement\apps\web\app\(admin)\admin\cashier\page.tsx:378:3
  376 |   }, [selectedTable, totalAmount]);
  377 |
> 378 |   const handleDeleteItem = useCallback(async () => {
      |   ^^^^^^^^^^^^^^^^^^^^^^^^^^^^^^^^^^^^^^^^^^^^^^^^^^
> 379 |     if (!deleteItemId) return;
      | ^^^^^^^^^^^^^^^^^^^^^^^^^^^^^^
> 380 |
      …
      | ^^^^^^^^^^^^^^^^^^^^^^^^^^^^^^
> 387 |     setDeleteItemId(null);
      | ^^^^^^^^^^^^^^^^^^^^^^^^^^^^^^
> 388 |   }, [deleteItemId, deleteOrderItemMutation]);
      | ^^^^^^^^^^^^^^^^^^^^^^^^^^^^^^^^^^^^^^^^^^^^^^^ `handleDeleteItem` is declared here
  389 |
  390 |   return (
  391 |     <div className="flex flex-col md:flex-row h-[calc(100vh-64px)] bg-slate-100">  react-hooks/immutability
  369:6   warning  React Hook useCallback has missing dependencies: 'handleDeleteItem' and 'handleRemoveItem'. Either include them or remove the dependency array                                                                                                                                                                                                                                                                                                                                                                                                                                                                                                                                                                                                                                                                                                                                                                                                                                                                                                                                                                                                                                                                                                                                                                                                                                                                                                   react-hooks/exhaustive-deps
  371:9   warning  'handlePay' is assigned a value but never used                                                                                                                                                                                                                                                                                                                                                                                                                                                                                                                                                                                                                                                                                                                                                                                                                                                                                                                                                                                                                                                                                                                                                                                                                                                                                                                                                                                                   @typescript-eslint/no-unused-vars
  378:40  error    Compilation Skipped: Existing memoization could not be preserved

React Compiler has skipped optimizing this component because the existing manual memoization could not be preserved. This value was memoized in source but not in compilation output.

D:\Workspace\freelancer\websiteqlnhahang\restaurantmanagement\apps\web\app\(admin)\admin\cashier\page.tsx:378:40
  376 |   }, [selectedTable, totalAmount]);
  377 |
> 378 |   const handleDeleteItem = useCallback(async () => {
      |                                        ^^^^^^^^^^^^^
> 379 |     if (!deleteItemId) return;
      | ^^^^^^^^^^^^^^^^^^^^^^^^^^^^^^
> 380 |
      …
      | ^^^^^^^^^^^^^^^^^^^^^^^^^^^^^^
> 387 |     setDeleteItemId(null);
      | ^^^^^^^^^^^^^^^^^^^^^^^^^^^^^^
> 388 |   }, [deleteItemId, deleteOrderItemMutation]);
      | ^^^^ Could not preserve existing memoization
  389 |
  390 |   return (
  391 |     <div className="flex flex-col md:flex-row h-[calc(100vh-64px)] bg-slate-100">                                                                                                                                                                                                                                                                                                                                                                                                                                          react-hooks/preserve-manual-memoization

D:\Workspace\freelancer\websiteqlnhahang\restaurantmanagement\apps\web\app\(admin)\admin\employee-schedules\employee\[id]\page.tsx
  16:28  warning  'useUsersQuery' is defined but never used  @typescript-eslint/no-unused-vars

D:\Workspace\freelancer\websiteqlnhahang\restaurantmanagement\apps\web\app\(admin)\admin\employee-schedules\page.tsx
  10:10  warning  'Button' is defined but never used  @typescript-eslint/no-unused-vars

D:\Workspace\freelancer\websiteqlnhahang\restaurantmanagement\apps\web\app\(admin)\admin\floors\page.tsx
   3:10  warning  'Card' is defined but never used          @typescript-eslint/no-unused-vars
  57:26  error    Unexpected any. Specify a different type  @typescript-eslint/no-explicit-any

D:\Workspace\freelancer\websiteqlnhahang\restaurantmanagement\apps\web\app\(admin)\admin\kitchen\page.tsx
   4:10  warning  'ChevronRight' is defined but never used                    @typescript-eslint/no-unused-vars
  14:10  warning  'formatDistanceToNow' is defined but never used             @typescript-eslint/no-unused-vars
  20:42  warning  'isLoadingCookingItems' is assigned a value but never used  @typescript-eslint/no-unused-vars
  22:40  warning  'isLoadingReadyItems' is assigned a value but never used    @typescript-eslint/no-unused-vars
  52:34  error    Unexpected any. Specify a different type                    @typescript-eslint/no-explicit-any
  59:31  error    Unexpected any. Specify a different type                    @typescript-eslint/no-explicit-any
  66:34  error    Unexpected any. Specify a different type                    @typescript-eslint/no-explicit-any

D:\Workspace\freelancer\websiteqlnhahang\restaurantmanagement\apps\web\app\(admin)\admin\menu-categories\page.tsx
  40:26  error  Unexpected any. Specify a different type  @typescript-eslint/no-explicit-any

D:\Workspace\freelancer\websiteqlnhahang\restaurantmanagement\apps\web\app\(admin)\admin\menu-items\page.tsx
  24:7   error  'limit' is never reassigned. Use 'const' instead  prefer-const
  52:26  error  Unexpected any. Specify a different type          @typescript-eslint/no-explicit-any

D:\Workspace\freelancer\websiteqlnhahang\restaurantmanagement\apps\web\app\(admin)\admin\orders\page.tsx
  3:10  warning  'Button' is defined but never used  @typescript-eslint/no-unused-vars

D:\Workspace\freelancer\websiteqlnhahang\restaurantmanagement\apps\web\app\(admin)\admin\page.tsx
  5:3  warning  'ChartTooltip' is defined but never used  @typescript-eslint/no-unused-vars
  6:3  warning  'ChartLegend' is defined but never used   @typescript-eslint/no-unused-vars

D:\Workspace\freelancer\websiteqlnhahang\restaurantmanagement\apps\web\app\(admin)\admin\reservations\[id]\page.tsx
   26:3  warning  'Clock' is defined but never used                                                                                                                                                                                                                                                                                                                                                                                                                                                                                                                                                                                                                                                                                                                                                                                                                                                                                                                                                                                                                                                                                                                             @typescript-eslint/no-unused-vars
  111:7  error    Error: Calling setState synchronously within an effect can trigger cascading renders

Effects are intended to synchronize state between React and external systems such as manually updating the DOM, state management libraries, or other platform APIs. In general, the body of an effect should do one or both of the following:
* Update external systems with the latest state from React.
* Subscribe for updates from some external system, calling setState in a callback function when external state changes.

Calling setState synchronously within an effect body causes cascading renders that can hurt performance, and is not recommended. (https://react.dev/learn/you-might-not-need-an-effect).

D:\Workspace\freelancer\websiteqlnhahang\restaurantmanagement\apps\web\app\(admin)\admin\reservations\[id]\page.tsx:111:7
  109 |
  110 |       const tableIds = booking.bookingTables?.map((bt) => bt.tableId) || [];
> 111 |       setSelectedTables(tableIds);
      |       ^^^^^^^^^^^^^^^^^ Avoid calling setState() directly within an effect
  112 |       form.setValue('tables', tableIds);
  113 |
  114 |       const items =  react-hooks/set-state-in-effect

D:\Workspace\freelancer\websiteqlnhahang\restaurantmanagement\apps\web\app\(admin)\admin\reservations\page.tsx
  3:10  warning  'Button' is defined but never used  @typescript-eslint/no-unused-vars

D:\Workspace\freelancer\websiteqlnhahang\restaurantmanagement\apps\web\app\(admin)\admin\shifts\page.tsx
  14:17  warning  'ShiftType' is defined but never used  @typescript-eslint/no-unused-vars

D:\Workspace\freelancer\websiteqlnhahang\restaurantmanagement\apps\web\app\(admin)\admin\tables\page.tsx
   38:7   error  'limit' is never reassigned. Use 'const' instead  prefer-const
  105:26  error  Unexpected any. Specify a different type          @typescript-eslint/no-explicit-any

D:\Workspace\freelancer\websiteqlnhahang\restaurantmanagement\apps\web\app\(admin)\admin\users\page.tsx
    2:10  warning  'Button' is defined but never used                 @typescript-eslint/no-unused-vars
  110:9   warning  'handleDelete' is assigned a value but never used  @typescript-eslint/no-unused-vars

D:\Workspace\freelancer\websiteqlnhahang\restaurantmanagement\apps\web\app\(admin)\admin\users\permissions\page.tsx
  6:10  warning  'MESSAGES' is defined but never used  @typescript-eslint/no-unused-vars

D:\Workspace\freelancer\websiteqlnhahang\restaurantmanagement\apps\web\app\(admin)\admin\users\roles\page.tsx
  57:26  error  Unexpected any. Specify a different type  @typescript-eslint/no-explicit-any

D:\Workspace\freelancer\websiteqlnhahang\restaurantmanagement\apps\web\app\(public)\(auth)\auth\verify-email\page.tsx
  11:10  warning  'ROUTES' is defined but never used  @typescript-eslint/no-unused-vars

D:\Workspace\freelancer\websiteqlnhahang\restaurantmanagement\apps\web\app\(public)\me\my-reservations\[id]\page.tsx
  55:11  warning  'user' is assigned a value but never used  @typescript-eslint/no-unused-vars

D:\Workspace\freelancer\websiteqlnhahang\restaurantmanagement\apps\web\app\(public)\me\page.tsx
  14:10  warning  'User' is defined but never used                                                                                @typescript-eslint/no-unused-vars
  72:6   warning  React Hook useEffect has a missing dependency: 'profileForm'. Either include it or remove the dependency array  react-hooks/exhaustive-deps

D:\Workspace\freelancer\websiteqlnhahang\restaurantmanagement\apps\web\app\(public)\page.tsx
  4:8  warning  'Gallery' is defined but never used  @typescript-eslint/no-unused-vars

D:\Workspace\freelancer\websiteqlnhahang\restaurantmanagement\apps\web\app\(public)\reservation\payment-result\page.tsx
  96:58  error  `'` can be escaped with `&apos;`, `&lsquo;`, `&#39;`, `&rsquo;`  react/no-unescaped-entities

D:\Workspace\freelancer\websiteqlnhahang\restaurantmanagement\apps\web\components\actions\PermissionAssignActionDialog.tsx
  72:6  warning  React Hook useEffect has a missing dependency: 'form'. Either include it or remove the dependency array  react-hooks/exhaustive-deps

D:\Workspace\freelancer\websiteqlnhahang\restaurantmanagement\apps\web\components\auth\LoginForm.tsx
  50:14  warning  'error' is defined but never used  @typescript-eslint/no-unused-vars

D:\Workspace\freelancer\websiteqlnhahang\restaurantmanagement\apps\web\components\auth\RegisterForm.tsx
  12:3   warning  'FieldError' is defined but never used  @typescript-eslint/no-unused-vars
  55:14  warning  'error' is defined but never used       @typescript-eslint/no-unused-vars

D:\Workspace\freelancer\websiteqlnhahang\restaurantmanagement\apps\web\components\auth\VerifyEmail.tsx
  13:13  warning  'set' is defined but never used                                                                                                                                                                                                             @typescript-eslint/no-unused-vars
  57:6   warning  React Hook useEffect has an unnecessary dependency: 'verifyEmail'. Either exclude it or remove the dependency array. Outer scope values like 'verifyEmail' aren't valid dependencies because mutating them doesn't re-render the component  react-hooks/exhaustive-deps

D:\Workspace\freelancer\websiteqlnhahang\restaurantmanagement\apps\web\components\cashier\CreateOrderDialog.tsx
  79:7  error  Error: Calling setState synchronously within an effect can trigger cascading renders

Effects are intended to synchronize state between React and external systems such as manually updating the DOM, state management libraries, or other platform APIs. In general, the body of an effect should do one or both of the following:
* Update external systems with the latest state from React.
* Subscribe for updates from some external system, calling setState in a callback function when external state changes.

Calling setState synchronously within an effect body causes cascading renders that can hurt performance, and is not recommended. (https://react.dev/learn/you-might-not-need-an-effect).

D:\Workspace\freelancer\websiteqlnhahang\restaurantmanagement\apps\web\components\cashier\CreateOrderDialog.tsx:79:7
  77 |         note: '',
  78 |       });
> 79 |       setInputValue('');
     |       ^^^^^^^^^^^^^ Avoid calling setState() directly within an effect
  80 |     }
  81 |   }, [open, selectedTable, form]);
  82 |  react-hooks/set-state-in-effect

D:\Workspace\freelancer\websiteqlnhahang\restaurantmanagement\apps\web\components\cashier\HistoryKitchenTicketDrawer.tsx
   3:10  warning  'useState' is defined but never used                            @typescript-eslint/no-unused-vars
  13:10  warning  'Button' is defined but never used                              @typescript-eslint/no-unused-vars
  15:10  warning  'useGetKitchenTicketsByOrderIdQuery' is defined but never used  @typescript-eslint/no-unused-vars

D:\Workspace\freelancer\websiteqlnhahang\restaurantmanagement\apps\web\components\cashier\NoteOrderDialog.tsx
  34:7  error  Error: Calling setState synchronously within an effect can trigger cascading renders

Effects are intended to synchronize state between React and external systems such as manually updating the DOM, state management libraries, or other platform APIs. In general, the body of an effect should do one or both of the following:
* Update external systems with the latest state from React.
* Subscribe for updates from some external system, calling setState in a callback function when external state changes.

Calling setState synchronously within an effect body causes cascading renders that can hurt performance, and is not recommended. (https://react.dev/learn/you-might-not-need-an-effect).

D:\Workspace\freelancer\websiteqlnhahang\restaurantmanagement\apps\web\components\cashier\NoteOrderDialog.tsx:34:7
  32 |   useEffect(() => {
  33 |     if (open) {
> 34 |       setNoteValue(note);
     |       ^^^^^^^^^^^^ Avoid calling setState() directly within an effect
  35 |     }
  36 |   }, [open, note]);
  37 |  react-hooks/set-state-in-effect

D:\Workspace\freelancer\websiteqlnhahang\restaurantmanagement\apps\web\components\cashier\NoteOrderItemsDialog.tsx
  34:7  error  Error: Calling setState synchronously within an effect can trigger cascading renders

Effects are intended to synchronize state between React and external systems such as manually updating the DOM, state management libraries, or other platform APIs. In general, the body of an effect should do one or both of the following:
* Update external systems with the latest state from React.
* Subscribe for updates from some external system, calling setState in a callback function when external state changes.

Calling setState synchronously within an effect body causes cascading renders that can hurt performance, and is not recommended. (https://react.dev/learn/you-might-not-need-an-effect).

D:\Workspace\freelancer\websiteqlnhahang\restaurantmanagement\apps\web\components\cashier\NoteOrderItemsDialog.tsx:34:7
  32 |   useEffect(() => {
  33 |     if (open) {
> 34 |       setNoteValue(note);
     |       ^^^^^^^^^^^^ Avoid calling setState() directly within an effect
  35 |     }
  36 |   }, [open, note]);
  37 |  react-hooks/set-state-in-effect

D:\Workspace\freelancer\websiteqlnhahang\restaurantmanagement\apps\web\components\cashier\OrderPanel.tsx
   8:3  warning  'Plus' is defined but never used            @typescript-eslint/no-unused-vars
   9:3  warning  'Users' is defined but never used           @typescript-eslint/no-unused-vars
  10:3  warning  'MoreHorizontal' is defined but never used  @typescript-eslint/no-unused-vars
  14:3  warning  'Phone' is defined but never used           @typescript-eslint/no-unused-vars

D:\Workspace\freelancer\websiteqlnhahang\restaurantmanagement\apps\web\components\cashier\OrderPaymentDrawer.tsx
  14:13  warning  'MoreHorizontal' is defined but never used  @typescript-eslint/no-unused-vars

D:\Workspace\freelancer\websiteqlnhahang\restaurantmanagement\apps\web\components\cashier\ReservationTableDrawer.tsx
  13:3  warning  'DrawerTrigger' is defined but never used  @typescript-eslint/no-unused-vars

D:\Workspace\freelancer\websiteqlnhahang\restaurantmanagement\apps\web\components\cashier\ReturnOrderItemsDialog.tsx
  26:10  warning  'cn' is defined but never used  @typescript-eslint/no-unused-vars

D:\Workspace\freelancer\websiteqlnhahang\restaurantmanagement\apps\web\components\cashier\TabNavigation.tsx
  1:10  warning  'Button' is defined but never used  @typescript-eslint/no-unused-vars
  3:28  warning  'Bike' is defined but never used    @typescript-eslint/no-unused-vars
  3:42  warning  'Plus' is defined but never used    @typescript-eslint/no-unused-vars

D:\Workspace\freelancer\websiteqlnhahang\restaurantmanagement\apps\web\components\cashier\TableCard.tsx
  22:8   error    'minutesUsed' is never reassigned. Use 'const' instead                                                                                                                                                                                                                                                                                                                                                                                                                                                                                                                                                                                                                                                                                                                                                                                                                                                                                                                                                                                                                                                     prefer-const
  22:21  error    'setMinutesUsed' is never reassigned. Use 'const' instead                                                                                                                                                                                                                                                                                                                                                                                                                                                                                                                                                                                                                                                                                                                                                                                                                                                                                                                                                                                                                                                  prefer-const
  29:7   error    Error: Calling setState synchronously within an effect can trigger cascading renders

Effects are intended to synchronize state between React and external systems such as manually updating the DOM, state management libraries, or other platform APIs. In general, the body of an effect should do one or both of the following:
* Update external systems with the latest state from React.
* Subscribe for updates from some external system, calling setState in a callback function when external state changes.

Calling setState synchronously within an effect body causes cascading renders that can hurt performance, and is not recommended. (https://react.dev/learn/you-might-not-need-an-effect).

D:\Workspace\freelancer\websiteqlnhahang\restaurantmanagement\apps\web\components\cashier\TableCard.tsx:29:7
  27 |   useEffect(() => {
  28 |     if (isOccupied) {
> 29 |       setMinutesUsed(calculateMinutesAgo(table.updatedAt));
     |       ^^^^^^^^^^^^^^ Avoid calling setState() directly within an effect
  30 |     }
  31 |   }, [table.updatedAt, isOccupied]);
  32 |  react-hooks/set-state-in-effect
  57:6   warning  React Hook useMemo has an unnecessary dependency: 'bookingUpdateTrigger'. Either exclude it or remove the dependency array                                                                                                                                                                                                                                                                                                                                                                                                                                                                                                                                                                                                                                                                                                                                                                                                                                                                                                                                                                                 react-hooks/exhaustive-deps

D:\Workspace\freelancer\websiteqlnhahang\restaurantmanagement\apps\web\components\cashier\UpdateQuantityDialog.tsx
  12:10  warning  'cn' is defined but never used                                                                                                                                                                                                                                                                                                                                                                                                                                                                                                                                                                                                                                                                                                                                                                                                                                                                                                                                                                                                                                                            @typescript-eslint/no-unused-vars
  32:7   error    Error: Calling setState synchronously within an effect can trigger cascading renders

Effects are intended to synchronize state between React and external systems such as manually updating the DOM, state management libraries, or other platform APIs. In general, the body of an effect should do one or both of the following:
* Update external systems with the latest state from React.
* Subscribe for updates from some external system, calling setState in a callback function when external state changes.

Calling setState synchronously within an effect body causes cascading renders that can hurt performance, and is not recommended. (https://react.dev/learn/you-might-not-need-an-effect).

D:\Workspace\freelancer\websiteqlnhahang\restaurantmanagement\apps\web\components\cashier\UpdateQuantityDialog.tsx:32:7
  30 |   useEffect(() => {
  31 |     if (open) {
> 32 |       setQuantity(currentQuantity.toString());
     |       ^^^^^^^^^^^ Avoid calling setState() directly within an effect
  33 |     }
  34 |   }, [open, currentQuantity]);
  35 |  react-hooks/set-state-in-effect

D:\Workspace\freelancer\websiteqlnhahang\restaurantmanagement\apps\web\components\common\GalleryImageDialog.tsx
  49:5  error  Error: Calling setState synchronously within an effect can trigger cascading renders

Effects are intended to synchronize state between React and external systems such as manually updating the DOM, state management libraries, or other platform APIs. In general, the body of an effect should do one or both of the following:
* Update external systems with the latest state from React.
* Subscribe for updates from some external system, calling setState in a callback function when external state changes.

Calling setState synchronously within an effect body causes cascading renders that can hurt performance, and is not recommended. (https://react.dev/learn/you-might-not-need-an-effect).

D:\Workspace\freelancer\websiteqlnhahang\restaurantmanagement\apps\web\components\common\GalleryImageDialog.tsx:49:5
  47 |
  48 |   useEffect(() => {
> 49 |     setSelectedImage(initialSelected);
     |     ^^^^^^^^^^^^^^^^ Avoid calling setState() directly within an effect
  50 |   }, [initialSelected, open]);
  51 |
  52 |   const selectedIds = new Set(  react-hooks/set-state-in-effect

D:\Workspace\freelancer\websiteqlnhahang\restaurantmanagement\apps\web\components\common\GalleryImagesDialog.tsx
  57:5  error  Error: Calling setState synchronously within an effect can trigger cascading renders

Effects are intended to synchronize state between React and external systems such as manually updating the DOM, state management libraries, or other platform APIs. In general, the body of an effect should do one or both of the following:
* Update external systems with the latest state from React.
* Subscribe for updates from some external system, calling setState in a callback function when external state changes.

Calling setState synchronously within an effect body causes cascading renders that can hurt performance, and is not recommended. (https://react.dev/learn/you-might-not-need-an-effect).

D:\Workspace\freelancer\websiteqlnhahang\restaurantmanagement\apps\web\components\common\GalleryImagesDialog.tsx:57:5
  55 |       else if (img.url) map.set(img.url, img.url); // Fallback key if id missing
  56 |     });
> 57 |     setSelectedMap(map);
     |     ^^^^^^^^^^^^^^ Avoid calling setState() directly within an effect
  58 |   }, [initialSelected, open]);
  59 |
  60 |   const selectedIds = useMemo(  react-hooks/set-state-in-effect

D:\Workspace\freelancer\websiteqlnhahang\restaurantmanagement\apps\web\components\employee-schedules\AssignShiftDialog.tsx
  3:28  warning  'useState' is defined but never used  @typescript-eslint/no-unused-vars

D:\Workspace\freelancer\websiteqlnhahang\restaurantmanagement\apps\web\components\employee-schedules\ScheduleCalendar.tsx
   8:15  warning  'CalendarIcon' is defined but never used                  @typescript-eslint/no-unused-vars
  88:9   error    'startDateCopy' is never reassigned. Use 'const' instead  prefer-const

D:\Workspace\freelancer\websiteqlnhahang\restaurantmanagement\apps\web\components\kitchen\KitchenTicketPendingDrawer.tsx
   3:10  warning  'useState' is defined but never used                   @typescript-eslint/no-unused-vars
  15:3   warning  'useGetKitchenTicketsQuery' is defined but never used  @typescript-eslint/no-unused-vars
  18:3   warning  'KitchenTicketStatus' is defined but never used        @typescript-eslint/no-unused-vars

D:\Workspace\freelancer\websiteqlnhahang\restaurantmanagement\apps\web\components\layouts\AccountSidebar.tsx
    6:34  warning  'Star' is defined but never used                                                                                                                                                                                                                                                                                                                                                                                                                                                                                                                                                                                                                                                                                                                                                                                                                                                                                                                                                                                                                                                                                                                      @typescript-eslint/no-unused-vars
   80:10  error    Error: Cannot create components during render

Components created during render will reset their state each time they are created. Declare components outside of render.

D:\Workspace\freelancer\websiteqlnhahang\restaurantmanagement\apps\web\components\layouts\AccountSidebar.tsx:80:10
  78 |       {/* Desktop Sidebar */}
  79 |       <div className="hidden lg:block sticky top-24">
> 80 |         <SidebarContent />
     |          ^^^^^^^^^^^^^^ This component is created during render
  81 |       </div>
  82 |
  83 |       {/* Mobile Menu Button */}

D:\Workspace\freelancer\websiteqlnhahang\restaurantmanagement\apps\web\components\layouts\AccountSidebar.tsx:32:26
  30 |   const pathname = usePathname();
  31 |
> 32 |   const SidebarContent = () => (
     |                          ^^^^^^^
> 33 |     <Card className="p-6">
     | ^^^^^^^^^^^^^^^^^^^^^^^^^^
> 34 |       <div className="space-y-2">
     …
     | ^^^^^^^^^^^^^^^^^^^^^^^^^^
> 73 |     </Card>
     | ^^^^^^^^^^^^^^^^^^^^^^^^^^
> 74 |   );
     | ^^^^ The component is created during render here
  75 |
  76 |   return (
  77 |     <>  react-hooks/static-components
  110:16  error    Error: Cannot create components during render

Components created during render will reset their state each time they are created. Declare components outside of render.

D:\Workspace\freelancer\websiteqlnhahang\restaurantmanagement\apps\web\components\layouts\AccountSidebar.tsx:110:16
  108 |                 </Button>
  109 |               </div>
> 110 |               <SidebarContent />
      |                ^^^^^^^^^^^^^^ This component is created during render
  111 |             </div>
  112 |           </div>
  113 |         </div>

D:\Workspace\freelancer\websiteqlnhahang\restaurantmanagement\apps\web\components\layouts\AccountSidebar.tsx:32:26
  30 |   const pathname = usePathname();
  31 |
> 32 |   const SidebarContent = () => (
     |                          ^^^^^^^
> 33 |     <Card className="p-6">
     | ^^^^^^^^^^^^^^^^^^^^^^^^^^
> 34 |       <div className="space-y-2">
     …
     | ^^^^^^^^^^^^^^^^^^^^^^^^^^
> 73 |     </Card>
     | ^^^^^^^^^^^^^^^^^^^^^^^^^^
> 74 |   );
     | ^^^^ The component is created during render here
  75 |
  76 |   return (
  77 |     <>              react-hooks/static-components

D:\Workspace\freelancer\websiteqlnhahang\restaurantmanagement\apps\web\components\layouts\AdminHeader.tsx
    4:23  warning  'useRouter' is defined but never used            @typescript-eslint/no-unused-vars
   13:10  warning  'Avatar' is defined but never used               @typescript-eslint/no-unused-vars
   13:18  warning  'AvatarFallback' is defined but never used       @typescript-eslint/no-unused-vars
   13:34  warning  'AvatarImage' is defined but never used          @typescript-eslint/no-unused-vars
   15:10  warning  'Popover' is defined but never used              @typescript-eslint/no-unused-vars
   15:19  warning  'PopoverContent' is defined but never used       @typescript-eslint/no-unused-vars
   15:35  warning  'PopoverTrigger' is defined but never used       @typescript-eslint/no-unused-vars
   16:10  warning  'Button' is defined but never used               @typescript-eslint/no-unused-vars
   17:10  warning  'Bell' is defined but never used                 @typescript-eslint/no-unused-vars
   17:16  warning  'CheckCheck' is defined but never used           @typescript-eslint/no-unused-vars
   17:28  warning  'Trash2' is defined but never used               @typescript-eslint/no-unused-vars
   17:36  warning  'X' is defined but never used                    @typescript-eslint/no-unused-vars
   18:10  warning  'Badge' is defined but never used                @typescript-eslint/no-unused-vars
   27:10  warning  'formatDistanceToNow' is defined but never used  @typescript-eslint/no-unused-vars
   28:10  warning  'ScrollArea' is defined but never used           @typescript-eslint/no-unused-vars
  103:11  warning  'user' is assigned a value but never used        @typescript-eslint/no-unused-vars
  104:10  warning  'open' is assigned a value but never used        @typescript-eslint/no-unused-vars
  104:16  warning  'setOpen' is assigned a value but never used     @typescript-eslint/no-unused-vars

D:\Workspace\freelancer\websiteqlnhahang\restaurantmanagement\apps\web\components\menu-items\MenuItemIngredientsSection.tsx
  52:44  error  `"` can be escaped with `&quot;`, `&ldquo;`, `&#34;`, `&rdquo;`  react/no-unescaped-entities
  52:61  error  `"` can be escaped with `&quot;`, `&ldquo;`, `&#34;`, `&rdquo;`  react/no-unescaped-entities

D:\Workspace\freelancer\websiteqlnhahang\restaurantmanagement\apps\web\components\orders\OrderManagementTable.tsx
  3:17  warning  'useState' is defined but never used  @typescript-eslint/no-unused-vars

D:\Workspace\freelancer\websiteqlnhahang\restaurantmanagement\apps\web\components\reservation\ReservationForm.tsx
   14:3   warning  'Clock' is defined but never used                                                                                                                                                                                                                                                                                                                                                                                                                                                                                                                                                                                                                                                                                                                                                                                                                                                                       @typescript-eslint/no-unused-vars
   31:3   warning  'useMenuItemsQuery' is defined but never used                                                                                                                                                                                                                                                                                                                                                                                                                                                                                                                                                                                                                                                                                                                                                                                                                                                           @typescript-eslint/no-unused-vars
  114:26  warning  Compilation Skipped: Use of incompatible library

This API returns functions which cannot be memoized without leading to stale UI. To prevent this, by default React Compiler will skip memoizing this component/hook. However, you may see issues if values from this API are passed to other components/hooks that are memoized.

D:\Workspace\freelancer\websiteqlnhahang\restaurantmanagement\apps\web\components\reservation\ReservationForm.tsx:114:26
  112 |     },
  113 |   });
> 114 |   const numberOfGuests = form.watch('numberOfGuests') || 1;
      |                          ^^^^ React Hook Form's `useForm()` API returns a `watch()` function which cannot be memoized safely.
  115 |   const numberOfChildren = form.watch('numberOfChildren') || 0;
  116 |   const totalPersons = numberOfGuests + numberOfChildren;
  117 |   const bookingTime = form.watch('bookingTime');  react-hooks/incompatible-library
  154:9   warning  The 'preOrderItems' logical expression could make the dependencies of useMemo Hook (at line 161) change on every render. To fix this, wrap the initialization of 'preOrderItems' in its own useMemo() Hook                                                                                                                                                                                                                                                                                                                                                                                                                                                                                                                                                                                                                                                                                              react-hooks/exhaustive-deps

D:\Workspace\freelancer\websiteqlnhahang\restaurantmanagement\apps\web\components\reservation\ReservationManagementTable.tsx
  101:9  warning  'handleCloseDialog' is assigned a value but never used  @typescript-eslint/no-unused-vars

D:\Workspace\freelancer\websiteqlnhahang\restaurantmanagement\apps\web\components\roles\PermissionAssignRoleDialog.tsx
  24:3  warning  'Popover' is defined but never used                                                                      @typescript-eslint/no-unused-vars
  25:3  warning  'PopoverTrigger' is defined but never used                                                               @typescript-eslint/no-unused-vars
  26:3  warning  'PopoverContent' is defined but never used                                                               @typescript-eslint/no-unused-vars
  32:3  warning  'CommandEmpty' is defined but never used                                                                 @typescript-eslint/no-unused-vars
  79:6  warning  React Hook useEffect has a missing dependency: 'form'. Either include it or remove the dependency array  react-hooks/exhaustive-deps

D:\Workspace\freelancer\websiteqlnhahang\restaurantmanagement\apps\web\components\roles\RoleFormDialog.tsx
   2:28  warning  'useState' is defined but never used                                                                     @typescript-eslint/no-unused-vars
  15:3   warning  'FieldError' is defined but never used                                                                   @typescript-eslint/no-unused-vars
  55:6   warning  React Hook useEffect has a missing dependency: 'form'. Either include it or remove the dependency array  react-hooks/exhaustive-deps

D:\Workspace\freelancer\websiteqlnhahang\restaurantmanagement\apps\web\components\sections\About.tsx
  12:9  warning  'highlights' is assigned a value but never used  @typescript-eslint/no-unused-vars

D:\Workspace\freelancer\websiteqlnhahang\restaurantmanagement\apps\web\components\sections\FeaturedMenu.tsx
  23:9   warning  'featuredItems' is assigned a value but never used                                                                                                                                                                                                                                                                                                                                                                                                                                                                                                                                                                                                                                                                                                                     @typescript-eslint/no-unused-vars
  25:37  error    Error: Cannot call impure function during render

`Math.random` is an impure function. Calling an impure function can produce unstable results that update unpredictably when the component happens to re-render. (https://react.dev/reference/rules/components-and-hooks-must-be-pure#components-and-hooks-must-be-idempotent).

D:\Workspace\freelancer\websiteqlnhahang\restaurantmanagement\apps\web\components\sections\FeaturedMenu.tsx:25:37
  23 |   const featuredItems = menuItems.filter(
  24 |     (item) =>
> 25 |       (item.category === 'mains' && Math.random() > 0.4) ||
     |                                     ^^^^^^^^^^^^^ Cannot call impure function
  26 |       (item.category === 'appetizers' && item.price > 10)
  27 |   );
  28 |  react-hooks/purity

D:\Workspace\freelancer\websiteqlnhahang\restaurantmanagement\apps\web\components\sections\Gallery.tsx
  96:31  warning  'idx' is defined but never used  @typescript-eslint/no-unused-vars

D:\Workspace\freelancer\websiteqlnhahang\restaurantmanagement\apps\web\components\sections\MenuCategories.tsx
  62:33  warning  'idx' is defined but never used  @typescript-eslint/no-unused-vars

D:\Workspace\freelancer\websiteqlnhahang\restaurantmanagement\apps\web\components\sections\SetMenus.tsx
  55:32  warning  'idx' is defined but never used  @typescript-eslint/no-unused-vars

D:\Workspace\freelancer\websiteqlnhahang\restaurantmanagement\apps\web\components\tables\TableFormDialog.tsx
  15:3  warning  'FieldError' is defined but never used  @typescript-eslint/no-unused-vars

D:\Workspace\freelancer\websiteqlnhahang\restaurantmanagement\apps\web\components\ui\EllipsisPagination.tsx
  43:22  error  Error: Cannot call impure function during render

`Math.random` is an impure function. Calling an impure function can produce unstable results that update unpredictably when the component happens to re-render. (https://react.dev/reference/rules/components-and-hooks-must-be-pure#components-and-hooks-must-be-idempotent).

D:\Workspace\freelancer\websiteqlnhahang\restaurantmanagement\apps\web\components\ui\EllipsisPagination.tsx:43:22
  41 |       if (page === '...') {
  42 |         pages.push(
> 43 |           <span key={Math.random()} className="px-2 text-gray-500">
     |                      ^^^^^^^^^^^^^ Cannot call impure function
  44 |             ...
  45 |           </span>
  46 |         );  react-hooks/purity

D:\Workspace\freelancer\websiteqlnhahang\restaurantmanagement\apps\web\components\ui\carousel.tsx
  98:5  error  Error: Calling setState synchronously within an effect can trigger cascading renders

Effects are intended to synchronize state between React and external systems such as manually updating the DOM, state management libraries, or other platform APIs. In general, the body of an effect should do one or both of the following:
* Update external systems with the latest state from React.
* Subscribe for updates from some external system, calling setState in a callback function when external state changes.

Calling setState synchronously within an effect body causes cascading renders that can hurt performance, and is not recommended. (https://react.dev/learn/you-might-not-need-an-effect).

D:\Workspace\freelancer\websiteqlnhahang\restaurantmanagement\apps\web\components\ui\carousel.tsx:98:5
   96 |   React.useEffect(() => {
   97 |     if (!api) return
>  98 |     onSelect(api)
      |     ^^^^^^^^ Avoid calling setState() directly within an effect
   99 |     api.on("reInit", onSelect)
  100 |     api.on("select", onSelect)
  101 |  react-hooks/set-state-in-effect

D:\Workspace\freelancer\websiteqlnhahang\restaurantmanagement\apps\web\features\booking\api.ts
  62:63  error  Unexpected any. Specify a different type  @typescript-eslint/no-explicit-any

D:\Workspace\freelancer\websiteqlnhahang\restaurantmanagement\apps\web\features\booking\mutations.ts
   25:22  error  Unexpected any. Specify a different type  @typescript-eslint/no-explicit-any
   42:22  error  Unexpected any. Specify a different type  @typescript-eslint/no-explicit-any
   59:22  error  Unexpected any. Specify a different type  @typescript-eslint/no-explicit-any
   74:22  error  Unexpected any. Specify a different type  @typescript-eslint/no-explicit-any
   90:22  error  Unexpected any. Specify a different type  @typescript-eslint/no-explicit-any
  106:22  error  Unexpected any. Specify a different type  @typescript-eslint/no-explicit-any
  122:22  error  Unexpected any. Specify a different type  @typescript-eslint/no-explicit-any
  149:22  error  Unexpected any. Specify a different type  @typescript-eslint/no-explicit-any
  167:22  error  Unexpected any. Specify a different type  @typescript-eslint/no-explicit-any
  183:22  error  Unexpected any. Specify a different type  @typescript-eslint/no-explicit-any

D:\Workspace\freelancer\websiteqlnhahang\restaurantmanagement\apps\web\features\employee-schedules\mutations.ts
   42:22  error  Unexpected any. Specify a different type  @typescript-eslint/no-explicit-any
   61:22  error  Unexpected any. Specify a different type  @typescript-eslint/no-explicit-any
   78:22  error  Unexpected any. Specify a different type  @typescript-eslint/no-explicit-any
   96:22  error  Unexpected any. Specify a different type  @typescript-eslint/no-explicit-any
  120:22  error  Unexpected any. Specify a different type  @typescript-eslint/no-explicit-any
  137:22  error  Unexpected any. Specify a different type  @typescript-eslint/no-explicit-any
  154:22  error  Unexpected any. Specify a different type  @typescript-eslint/no-explicit-any
  173:22  error  Unexpected any. Specify a different type  @typescript-eslint/no-explicit-any
  191:22  error  Unexpected any. Specify a different type  @typescript-eslint/no-explicit-any
  208:22  error  Unexpected any. Specify a different type  @typescript-eslint/no-explicit-any
  223:22  error  Unexpected any. Specify a different type  @typescript-eslint/no-explicit-any
  238:22  error  Unexpected any. Specify a different type  @typescript-eslint/no-explicit-any
  262:22  error  Unexpected any. Specify a different type  @typescript-eslint/no-explicit-any
  280:22  error  Unexpected any. Specify a different type  @typescript-eslint/no-explicit-any
  301:22  error  Unexpected any. Specify a different type  @typescript-eslint/no-explicit-any
  323:22  error  Unexpected any. Specify a different type  @typescript-eslint/no-explicit-any

D:\Workspace\freelancer\websiteqlnhahang\restaurantmanagement\apps\web\features\kitchen\mutations.ts
  72:17  warning  'data' is defined but never used  @typescript-eslint/no-unused-vars

D:\Workspace\freelancer\websiteqlnhahang\restaurantmanagement\apps\web\features\orders\mutations.ts
  122:22  error  Unexpected any. Specify a different type  @typescript-eslint/no-explicit-any

D:\Workspace\freelancer\websiteqlnhahang\restaurantmanagement\apps\web\features\permissions\mutations.ts
  3:10  warning  'Permission' is defined but never used  @typescript-eslint/no-unused-vars

D:\Workspace\freelancer\websiteqlnhahang\restaurantmanagement\apps\web\features\tables\queries.ts
  63:13  error  Unexpected any. Specify a different type  @typescript-eslint/no-explicit-any

D:\Workspace\freelancer\websiteqlnhahang\restaurantmanagement\apps\web\hooks\use-mobile.ts
  14:5  error  Error: Calling setState synchronously within an effect can trigger cascading renders

Effects are intended to synchronize state between React and external systems such as manually updating the DOM, state management libraries, or other platform APIs. In general, the body of an effect should do one or both of the following:
* Update external systems with the latest state from React.
* Subscribe for updates from some external system, calling setState in a callback function when external state changes.

Calling setState synchronously within an effect body causes cascading renders that can hurt performance, and is not recommended. (https://react.dev/learn/you-might-not-need-an-effect).

D:\Workspace\freelancer\websiteqlnhahang\restaurantmanagement\apps\web\hooks\use-mobile.ts:14:5
  12 |     }
  13 |     mql.addEventListener("change", onChange)
> 14 |     setIsMobile(window.innerWidth < MOBILE_BREAKPOINT)
     |     ^^^^^^^^^^^ Avoid calling setState() directly within an effect
  15 |     return () => mql.removeEventListener("change", onChange)
  16 |   }, [])
  17 |  react-hooks/set-state-in-effect

D:\Workspace\freelancer\websiteqlnhahang\restaurantmanagement\apps\web\hooks\usePusherChannel.ts
   9:19  error  Unexpected any. Specify a different type  @typescript-eslint/no-explicit-any
  23:28  error  Unexpected any. Specify a different type  @typescript-eslint/no-explicit-any

D:\Workspace\freelancer\websiteqlnhahang\restaurantmanagement\apps\web\providers\AuthProvider.tsx
  64:5  error  Error: Calling setState synchronously within an effect can trigger cascading renders

Effects are intended to synchronize state between React and external systems such as manually updating the DOM, state management libraries, or other platform APIs. In general, the body of an effect should do one or both of the following:
* Update external systems with the latest state from React.
* Subscribe for updates from some external system, calling setState in a callback function when external state changes.

Calling setState synchronously within an effect body causes cascading renders that can hurt performance, and is not recommended. (https://react.dev/learn/you-might-not-need-an-effect).

D:\Workspace\freelancer\websiteqlnhahang\restaurantmanagement\apps\web\providers\AuthProvider.tsx:64:5
  62 |   // Load user on mount
  63 |   useEffect(() => {
> 64 |     loadUser();
     |     ^^^^^^^^ Avoid calling setState() directly within an effect
  65 |   }, [loadUser]);
  66 |   const login = async (email: string, password: string) => {
  67 |     try {  react-hooks/set-state-in-effect

✖ 161 problems (67 errors, 94 warnings)
  5 errors and 0 warnings potentially fixable with the `--fix` option.

npm error Lifecycle script `lint` failed with error:
npm error code 1
npm error path D:\Workspace\freelancer\websiteqlnhahang\restaurantmanagement\apps\web
npm error workspace web@0.1.0
npm error location D:\Workspace\freelancer\websiteqlnhahang\restaurantmanagement\apps\web
npm error command failed
npm error command C:\Windows\system32\cmd.exe /d /s /c eslint
